Arguments: 
  C:\Program Files\nodejs\node.exe C:\Program Files (x86)\Yarn\bin\yarn.js add @mondaycom/monday-ui-react-core

PATH: 
  C:\Program Files\Git\mingw64\bin;C:\Program Files\Git\usr\bin;C:\Users\Aatish Shakya\bin;C:\Program Files\Microsoft\jdk-11.0.12.7-hotspot\bin;C:\Python310\Scripts;C:\Python310;C:\WINDOWS\system32;C:\WINDOWS;C:\WINDOWS\System32\Wbem;C:\WINDOWS\System32\WindowsPowerShell\v1.0;C:\WINDOWS\System32\OpenSSH;C:\ProgramData\chocolatey\bin;C:\Program Files\Git\cmd;C:\Program Files (x86)\Yarn\bin;C:\Program Files (x86)\Yarn\bin;C:\Program Files\dotnet;C:\Program Files (x86)\Microsoft SQL Server\160\Tools\Binn;C:\Program Files\Microsoft SQL Server\160\Tools\Binn;C:\Program Files\Microsoft SQL Server\Client SDK\ODBC\170\Tools\Binn;C:\Program Files\Microsoft SQL Server\160\DTS\Binn;C:\Program Files (x86)\Microsoft SQL Server\150\DTS\Binn;C:\Program Files\Azure Data Studio\bin;C:\Program Files\GitHub CLI;C:\Program Files\Docker\Docker\resources\bin;C:\Program Files\Microsoft SQL Server\150\Tools\Binn;C:\Program Files\gs\gs10.01.1\bin;C:\nvm;C:\Program Files\nodejs;C:\Program Files\PuTTY;C:\Users\Aatish Shakya\AppData\Local\Programs\Python\Python38\Scripts;C:\Users\Aatish Shakya\AppData\Local\Programs\Python\Python38;C:\Users\Aatish Shakya\AppData\Local\Microsoft\WindowsApps;C:\Users\Aatish Shakya\AppData\Local\Programs\Microsoft VS Code\bin;C:\Users\Aatish Shakya\AppData\Local\Yarn\bin;C:\Program Files (x86)\Yarn\bin;C:\Program Files\Azure Data Studio\bin;C:\Users\Aatish Shakya\.dotnet\tools;C:\Program Files\ngrok;C:\Program Files\gs\gs10.01.1\bin;C:\nvm;C:\Program Files\nodejs;C:\Users\Aatish Shakya\AppData\Roaming\npm;C:\Users\Aatish Shakya\AppData\Local\GitHubDesktop\bin;C:\Program Files (x86)\MongoDB Atlas CLI

Yarn version: 
  1.22.15

Node version: 
  18.16.0

Platform: 
  win32 x64

Trace: 
  Error: https://registry.yarnpkg.com/@mondaycom%2fmonday-ui-react-core: Not found
      at params.callback [as _callback] (C:\Program Files (x86)\Yarn\lib\cli.js:66140:18)
      at self.callback (C:\Program Files (x86)\Yarn\lib\cli.js:140885:22)
      at Request.emit (node:events:513:28)
      at Request.<anonymous> (C:\Program Files (x86)\Yarn\lib\cli.js:141857:10)
      at Request.emit (node:events:513:28)
      at IncomingMessage.<anonymous> (C:\Program Files (x86)\Yarn\lib\cli.js:141779:12)
      at Object.onceWrapper (node:events:627:28)
      at IncomingMessage.emit (node:events:525:35)
      at endReadableNT (node:internal/streams/readable:1359:12)
      at process.processTicksAndRejections (node:internal/process/task_queues:82:21)

npm manifest: 
  {
    "name": "monday-react-quickstart-app",
    "version": "0.0.1",
    "private": true,
    "scripts": {
      "start": "npm run stop && concurrently \"npm run server\" \"npm run expose\"",
      "build": "react-scripts build",
      "expose": "mapps tunnel:create -p 8301",
      "server": "react-scripts start",
      "test": "react-scripts test",
      "eject": "react-scripts eject",
      "stop": "kill-port 8301 && kill-port 4049 && kill-port 4040"
    },
    "dependencies": {
      "@mondaycom/apps-sdk": "^2.1.2",
      "monday-sdk-js": "^0.5.0",
      "monday-ui-react-core": "^1.54.0"
    },
    "eslintConfig": {
      "extends": "react-app"
    },
    "browserslist": {
      "production": [
        ">0.2%",
        "not dead",
        "not op_mini all"
      ],
      "development": [
        "last 1 chrome version",
        "last 1 firefox version",
        "last 1 safari version"
      ]
    },
    "devDependencies": {
      "@mondaycom/apps-cli": "^2.0.0",
      "concurrently": "^5.2.0",
      "cross-port-killer": "^1.2.1",
      "eslint-config-react-app": "^7.0.1",
      "react": "^18.2.0",
      "react-dom": "^18.2.0",
      "react-scripts": "^5.0.1",
      "sass": "^1.54.8"
    }
  }

yarn manifest: 
  No manifest

Lockfile: 
  No lockfile
